<?xml version="1.0" encoding="UTF-8"?>
<!-- Generated by org.testng.reporters.JUnitReportReporter -->
<testsuite hostname="RamuKaka" failures="0" tests="69" name="runner.testRunner" time="397.708" errors="0" timestamp="2023-05-15T22:42:42 CDT" skipped="0">
  <testcase classname="runner.testRunner" name="runScenario" time="9.174"/>
  <system-out/>
  <testcase classname="runner.testRunner" name="runScenario" time="7.127"/>
  <system-out/>
  <testcase classname="runner.testRunner" name="runScenario" time="7.101"/>
  <system-out/>
  <testcase classname="runner.testRunner" name="runScenario" time="6.822"/>
  <system-out/>
  <testcase classname="runner.testRunner" name="runScenario" time="5.493"/>
  <system-out/>
  <testcase classname="runner.testRunner" name="runScenario" time="4.733"/>
  <system-out/>
  <testcase classname="runner.testRunner" name="runScenario" time="5.024"/>
  <system-out/>
  <testcase classname="runner.testRunner" name="runScenario" time="6.950"/>
  <system-out/>
  <testcase classname="runner.testRunner" name="runScenario" time="7.410"/>
  <system-out/>
  <testcase classname="runner.testRunner" name="runScenario" time="11.040"/>
  <system-out/>
  <testcase classname="runner.testRunner" name="runScenario" time="7.114"/>
  <system-out/>
  <testcase classname="runner.testRunner" name="runScenario" time="8.588"/>
  <system-out/>
  <testcase classname="runner.testRunner" name="runScenario" time="2.688"/>
  <system-out/>
  <testcase classname="runner.testRunner" name="runScenario" time="1.952"/>
  <system-out/>
  <testcase classname="runner.testRunner" name="runScenario" time="0.333"/>
  <system-out/>
  <testcase classname="runner.testRunner" name="runScenario" time="8.182"/>
  <system-out/>
  <testcase classname="runner.testRunner" name="runScenario" time="0.402"/>
  <system-out/>
  <testcase classname="runner.testRunner" name="runScenario" time="6.856"/>
  <system-out/>
  <testcase classname="runner.testRunner" name="runScenario" time="3.195"/>
  <system-out/>
  <testcase classname="runner.testRunner" name="runScenario" time="0.551"/>
  <system-out/>
  <testcase classname="runner.testRunner" name="runScenario" time="6.859"/>
  <system-out/>
  <testcase classname="runner.testRunner" name="runScenario" time="5.426"/>
  <system-out/>
  <testcase classname="runner.testRunner" name="runScenario" time="9.276"/>
  <system-out/>
  <testcase classname="runner.testRunner" name="runScenario" time="7.156"/>
  <system-out/>
  <testcase classname="runner.testRunner" name="runScenario" time="5.078"/>
  <system-out/>
  <testcase classname="runner.testRunner" name="runScenario" time="7.160"/>
  <system-out/>
  <testcase classname="runner.testRunner" name="runScenario" time="10.994"/>
  <system-out/>
  <testcase classname="runner.testRunner" name="runScenario" time="2.536"/>
  <system-out/>
  <testcase classname="runner.testRunner" name="runScenario" time="7.025"/>
  <system-out/>
  <testcase classname="runner.testRunner" name="runScenario" time="6.954"/>
  <system-out/>
  <testcase classname="runner.testRunner" name="runScenario" time="6.971"/>
  <system-out/>
  <testcase classname="runner.testRunner" name="runScenario" time="4.621"/>
  <system-out/>
  <testcase classname="runner.testRunner" name="runScenario" time="4.459"/>
  <system-out/>
  <testcase classname="runner.testRunner" name="runScenario" time="3.817"/>
  <system-out/>
  <testcase classname="runner.testRunner" name="runScenario" time="8.464"/>
  <system-out/>
  <testcase classname="runner.testRunner" name="runScenario" time="7.187"/>
  <system-out/>
  <testcase classname="runner.testRunner" name="runScenario" time="0.494"/>
  <system-out/>
  <testcase classname="runner.testRunner" name="runScenario" time="4.980"/>
  <system-out/>
  <testcase classname="runner.testRunner" name="runScenario" time="5.406"/>
  <system-out/>
  <testcase classname="runner.testRunner" name="runScenario" time="7.224"/>
  <system-out/>
  <testcase classname="runner.testRunner" name="runScenario" time="7.004"/>
  <system-out/>
  <testcase classname="runner.testRunner" name="runScenario" time="8.378"/>
  <system-out/>
  <testcase classname="runner.testRunner" name="runScenario" time="4.954"/>
  <system-out/>
  <testcase classname="runner.testRunner" name="runScenario" time="4.054"/>
  <system-out/>
  <testcase classname="runner.testRunner" name="runScenario" time="8.605"/>
  <system-out/>
  <testcase classname="runner.testRunner" name="runScenario" time="2.653"/>
  <system-out/>
  <testcase classname="runner.testRunner" name="runScenario" time="8.210"/>
  <system-out/>
  <testcase classname="runner.testRunner" name="runScenario" time="5.474"/>
  <system-out/>
  <testcase classname="runner.testRunner" name="runScenario" time="9.280"/>
  <system-out/>
  <testcase classname="runner.testRunner" name="runScenario" time="3.834"/>
  <system-out/>
  <testcase classname="runner.testRunner" name="runScenario" time="8.165"/>
  <system-out/>
  <testcase classname="runner.testRunner" name="runScenario" time="2.085"/>
  <system-out/>
  <testcase classname="runner.testRunner" name="runScenario" time="7.119"/>
  <system-out/>
  <testcase classname="runner.testRunner" name="runScenario" time="3.283"/>
  <system-out/>
  <testcase classname="runner.testRunner" name="runScenario" time="7.194"/>
  <system-out/>
  <testcase classname="runner.testRunner" name="runScenario" time="3.226"/>
  <system-out/>
  <testcase classname="runner.testRunner" name="runScenario" time="0.378"/>
  <system-out/>
  <testcase classname="runner.testRunner" name="runScenario" time="9.148"/>
  <system-out/>
  <testcase classname="runner.testRunner" name="runScenario" time="0.514"/>
  <system-out/>
  <testcase classname="runner.testRunner" name="runScenario" time="7.008"/>
  <system-out/>
  <testcase classname="runner.testRunner" name="runScenario" time="6.952"/>
  <system-out/>
  <testcase classname="runner.testRunner" name="runScenario" time="9.235"/>
  <system-out/>
  <testcase classname="runner.testRunner" name="runScenario" time="9.069"/>
  <system-out/>
  <testcase classname="runner.testRunner" name="runScenario" time="7.138"/>
  <system-out/>
  <testcase classname="runner.testRunner" name="runScenario" time="3.722"/>
  <system-out/>
  <testcase classname="runner.testRunner" name="runScenario" time="9.051"/>
  <system-out/>
  <testcase classname="runner.testRunner" name="runScenario" time="1.879"/>
  <system-out/>
  <testcase classname="runner.testRunner" name="runScenario" time="0.392"/>
  <system-out/>
  <testcase classname="runner.testRunner" name="runScenario" time="6.882"/>
  <system-out/>
</testsuite> <!-- runner.testRunner -->
