<?xml version="1.0" encoding="UTF-8"?>
<!-- Generated by org.testng.reporters.JUnitReportReporter -->
<testsuite hostname="RamuKaka" failures="0" tests="69" name="runner.testRunner2" time="218.473" errors="0" timestamp="2023-05-22T13:50:53 CDT" skipped="0">
  <testcase classname="runner.testRunner2" name="runScenario" time="3.177"/>
  <system-out/>
  <testcase classname="runner.testRunner2" name="runScenario" time="3.949"/>
  <system-out/>
  <testcase classname="runner.testRunner2" name="runScenario" time="2.827"/>
  <system-out/>
  <testcase classname="runner.testRunner2" name="runScenario" time="3.608"/>
  <system-out/>
  <testcase classname="runner.testRunner2" name="runScenario" time="2.489"/>
  <system-out/>
  <testcase classname="runner.testRunner2" name="runScenario" time="2.765"/>
  <system-out/>
  <testcase classname="runner.testRunner2" name="runScenario" time="3.866"/>
  <system-out/>
  <testcase classname="runner.testRunner2" name="runScenario" time="4.244"/>
  <system-out/>
  <testcase classname="runner.testRunner2" name="runScenario" time="3.913"/>
  <system-out/>
  <testcase classname="runner.testRunner2" name="runScenario" time="2.658"/>
  <system-out/>
  <testcase classname="runner.testRunner2" name="runScenario" time="4.072"/>
  <system-out/>
  <testcase classname="runner.testRunner2" name="runScenario" time="6.003"/>
  <system-out/>
  <testcase classname="runner.testRunner2" name="runScenario" time="2.609"/>
  <system-out/>
  <testcase classname="runner.testRunner2" name="runScenario" time="2.668"/>
  <system-out/>
  <testcase classname="runner.testRunner2" name="runScenario" time="0.439"/>
  <system-out/>
  <testcase classname="runner.testRunner2" name="runScenario" time="3.452"/>
  <system-out/>
  <testcase classname="runner.testRunner2" name="runScenario" time="4.061"/>
  <system-out/>
  <testcase classname="runner.testRunner2" name="runScenario" time="3.328"/>
  <system-out/>
  <testcase classname="runner.testRunner2" name="runScenario" time="3.181"/>
  <system-out/>
  <testcase classname="runner.testRunner2" name="runScenario" time="2.382"/>
  <system-out/>
  <testcase classname="runner.testRunner2" name="runScenario" time="2.604"/>
  <system-out/>
  <testcase classname="runner.testRunner2" name="runScenario" time="3.673"/>
  <system-out/>
  <testcase classname="runner.testRunner2" name="runScenario" time="4.516"/>
  <system-out/>
  <testcase classname="runner.testRunner2" name="runScenario" time="0.635"/>
  <system-out/>
  <testcase classname="runner.testRunner2" name="runScenario" time="3.434"/>
  <system-out/>
  <testcase classname="runner.testRunner2" name="runScenario" time="2.376"/>
  <system-out/>
  <testcase classname="runner.testRunner2" name="runScenario" time="2.750"/>
  <system-out/>
  <testcase classname="runner.testRunner2" name="runScenario" time="0.950"/>
  <system-out/>
  <testcase classname="runner.testRunner2" name="runScenario" time="4.967"/>
  <system-out/>
  <testcase classname="runner.testRunner2" name="runScenario" time="3.851"/>
  <system-out/>
  <testcase classname="runner.testRunner2" name="runScenario" time="0.398"/>
  <system-out/>
  <testcase classname="runner.testRunner2" name="runScenario" time="2.630"/>
  <system-out/>
  <testcase classname="runner.testRunner2" name="runScenario" time="1.555"/>
  <system-out/>
  <testcase classname="runner.testRunner2" name="runScenario" time="2.874"/>
  <system-out/>
  <testcase classname="runner.testRunner2" name="runScenario" time="3.181"/>
  <system-out/>
  <testcase classname="runner.testRunner2" name="runScenario" time="0.806"/>
  <system-out/>
  <testcase classname="runner.testRunner2" name="runScenario" time="1.792"/>
  <system-out/>
  <testcase classname="runner.testRunner2" name="runScenario" time="3.189"/>
  <system-out/>
  <testcase classname="runner.testRunner2" name="runScenario" time="3.169"/>
  <system-out/>
  <testcase classname="runner.testRunner2" name="runScenario" time="2.394"/>
  <system-out/>
  <testcase classname="runner.testRunner2" name="runScenario" time="6.464"/>
  <system-out/>
  <testcase classname="runner.testRunner2" name="runScenario" time="3.126"/>
  <system-out/>
  <testcase classname="runner.testRunner2" name="runScenario" time="4.161"/>
  <system-out/>
  <testcase classname="runner.testRunner2" name="runScenario" time="5.056"/>
  <system-out/>
  <testcase classname="runner.testRunner2" name="runScenario" time="5.195"/>
  <system-out/>
  <testcase classname="runner.testRunner2" name="runScenario" time="4.253"/>
  <system-out/>
  <testcase classname="runner.testRunner2" name="runScenario" time="3.692"/>
  <system-out/>
  <testcase classname="runner.testRunner2" name="runScenario" time="3.207"/>
  <system-out/>
  <testcase classname="runner.testRunner2" name="runScenario" time="6.299"/>
  <system-out/>
  <testcase classname="runner.testRunner2" name="runScenario" time="2.569"/>
  <system-out/>
  <testcase classname="runner.testRunner2" name="runScenario" time="5.740"/>
  <system-out/>
  <testcase classname="runner.testRunner2" name="runScenario" time="3.889"/>
  <system-out/>
  <testcase classname="runner.testRunner2" name="runScenario" time="3.049"/>
  <system-out/>
  <testcase classname="runner.testRunner2" name="runScenario" time="4.566"/>
  <system-out/>
  <testcase classname="runner.testRunner2" name="runScenario" time="3.435"/>
  <system-out/>
  <testcase classname="runner.testRunner2" name="runScenario" time="7.975"/>
  <system-out/>
  <testcase classname="runner.testRunner2" name="runScenario" time="4.083"/>
  <system-out/>
  <testcase classname="runner.testRunner2" name="runScenario" time="4.904"/>
  <system-out/>
  <testcase classname="runner.testRunner2" name="runScenario" time="1.694"/>
  <system-out/>
  <testcase classname="runner.testRunner2" name="runScenario" time="2.161"/>
  <system-out/>
  <testcase classname="runner.testRunner2" name="runScenario" time="1.693"/>
  <system-out/>
  <testcase classname="runner.testRunner2" name="runScenario" time="1.624"/>
  <system-out/>
  <testcase classname="runner.testRunner2" name="runScenario" time="0.641"/>
  <system-out/>
  <testcase classname="runner.testRunner2" name="runScenario" time="0.713"/>
  <system-out/>
  <testcase classname="runner.testRunner2" name="runScenario" time="2.881"/>
  <system-out/>
  <testcase classname="runner.testRunner2" name="runScenario" time="0.673"/>
  <system-out/>
  <testcase classname="runner.testRunner2" name="runScenario" time="0.361"/>
  <system-out/>
  <testcase classname="runner.testRunner2" name="runScenario" time="3.905"/>
  <system-out/>
  <testcase classname="runner.testRunner2" name="runScenario" time="3.029"/>
  <system-out/>
</testsuite> <!-- runner.testRunner2 -->
