<?xml version="1.0" encoding="UTF-8"?>
<!-- Generated by org.testng.reporters.JUnitReportReporter -->
<testsuite hostname="RamuKaka" failures="0" tests="69" name="runner.testRunner2" time="380.841" errors="0" timestamp="2023-05-18T00:05:55 CDT" skipped="0">
  <testcase classname="runner.testRunner2" name="runScenario" time="8.298"/>
  <system-out/>
  <testcase classname="runner.testRunner2" name="runScenario" time="0.540"/>
  <system-out/>
  <testcase classname="runner.testRunner2" name="runScenario" time="5.420"/>
  <system-out/>
  <testcase classname="runner.testRunner2" name="runScenario" time="7.114"/>
  <system-out/>
  <testcase classname="runner.testRunner2" name="runScenario" time="5.461"/>
  <system-out/>
  <testcase classname="runner.testRunner2" name="runScenario" time="5.048"/>
  <system-out/>
  <testcase classname="runner.testRunner2" name="runScenario" time="7.046"/>
  <system-out/>
  <testcase classname="runner.testRunner2" name="runScenario" time="4.797"/>
  <system-out/>
  <testcase classname="runner.testRunner2" name="runScenario" time="2.188"/>
  <system-out/>
  <testcase classname="runner.testRunner2" name="runScenario" time="2.681"/>
  <system-out/>
  <testcase classname="runner.testRunner2" name="runScenario" time="8.210"/>
  <system-out/>
  <testcase classname="runner.testRunner2" name="runScenario" time="4.458"/>
  <system-out/>
  <testcase classname="runner.testRunner2" name="runScenario" time="9.091"/>
  <system-out/>
  <testcase classname="runner.testRunner2" name="runScenario" time="8.980"/>
  <system-out/>
  <testcase classname="runner.testRunner2" name="runScenario" time="0.495"/>
  <system-out/>
  <testcase classname="runner.testRunner2" name="runScenario" time="3.275"/>
  <system-out/>
  <testcase classname="runner.testRunner2" name="runScenario" time="4.963"/>
  <system-out/>
  <testcase classname="runner.testRunner2" name="runScenario" time="8.960"/>
  <system-out/>
  <testcase classname="runner.testRunner2" name="runScenario" time="8.985"/>
  <system-out/>
  <testcase classname="runner.testRunner2" name="runScenario" time="7.042"/>
  <system-out/>
  <testcase classname="runner.testRunner2" name="runScenario" time="7.100"/>
  <system-out/>
  <testcase classname="runner.testRunner2" name="runScenario" time="3.171"/>
  <system-out/>
  <testcase classname="runner.testRunner2" name="runScenario" time="2.653"/>
  <system-out/>
  <testcase classname="runner.testRunner2" name="runScenario" time="0.502"/>
  <system-out/>
  <testcase classname="runner.testRunner2" name="runScenario" time="9.041"/>
  <system-out/>
  <testcase classname="runner.testRunner2" name="runScenario" time="9.109"/>
  <system-out/>
  <testcase classname="runner.testRunner2" name="runScenario" time="6.540"/>
  <system-out/>
  <testcase classname="runner.testRunner2" name="runScenario" time="7.346"/>
  <system-out/>
  <testcase classname="runner.testRunner2" name="runScenario" time="7.188"/>
  <system-out/>
  <testcase classname="runner.testRunner2" name="runScenario" time="0.499"/>
  <system-out/>
  <testcase classname="runner.testRunner2" name="runScenario" time="8.265"/>
  <system-out/>
  <testcase classname="runner.testRunner2" name="runScenario" time="9.047"/>
  <system-out/>
  <testcase classname="runner.testRunner2" name="runScenario" time="0.434"/>
  <system-out/>
  <testcase classname="runner.testRunner2" name="runScenario" time="9.093"/>
  <system-out/>
  <testcase classname="runner.testRunner2" name="runScenario" time="1.955"/>
  <system-out/>
  <testcase classname="runner.testRunner2" name="runScenario" time="6.926"/>
  <system-out/>
  <testcase classname="runner.testRunner2" name="runScenario" time="5.126"/>
  <system-out/>
  <testcase classname="runner.testRunner2" name="runScenario" time="6.904"/>
  <system-out/>
  <testcase classname="runner.testRunner2" name="runScenario" time="9.236"/>
  <system-out/>
  <testcase classname="runner.testRunner2" name="runScenario" time="7.049"/>
  <system-out/>
  <testcase classname="runner.testRunner2" name="runScenario" time="7.153"/>
  <system-out/>
  <testcase classname="runner.testRunner2" name="runScenario" time="5.509"/>
  <system-out/>
  <testcase classname="runner.testRunner2" name="runScenario" time="6.976"/>
  <system-out/>
  <testcase classname="runner.testRunner2" name="runScenario" time="7.008"/>
  <system-out/>
  <testcase classname="runner.testRunner2" name="runScenario" time="4.388"/>
  <system-out/>
  <testcase classname="runner.testRunner2" name="runScenario" time="7.058"/>
  <system-out/>
  <testcase classname="runner.testRunner2" name="runScenario" time="5.210"/>
  <system-out/>
  <testcase classname="runner.testRunner2" name="runScenario" time="6.954"/>
  <system-out/>
  <testcase classname="runner.testRunner2" name="runScenario" time="7.000"/>
  <system-out/>
  <testcase classname="runner.testRunner2" name="runScenario" time="3.848"/>
  <system-out/>
  <testcase classname="runner.testRunner2" name="runScenario" time="4.925"/>
  <system-out/>
  <testcase classname="runner.testRunner2" name="runScenario" time="3.335"/>
  <system-out/>
  <testcase classname="runner.testRunner2" name="runScenario" time="7.292"/>
  <system-out/>
  <testcase classname="runner.testRunner2" name="runScenario" time="0.364"/>
  <system-out/>
  <testcase classname="runner.testRunner2" name="runScenario" time="1.690"/>
  <system-out/>
  <testcase classname="runner.testRunner2" name="runScenario" time="3.239"/>
  <system-out/>
  <testcase classname="runner.testRunner2" name="runScenario" time="7.129"/>
  <system-out/>
  <testcase classname="runner.testRunner2" name="runScenario" time="3.057"/>
  <system-out/>
  <testcase classname="runner.testRunner2" name="runScenario" time="6.983"/>
  <system-out/>
  <testcase classname="runner.testRunner2" name="runScenario" time="2.109"/>
  <system-out/>
  <testcase classname="runner.testRunner2" name="runScenario" time="6.757"/>
  <system-out/>
  <testcase classname="runner.testRunner2" name="runScenario" time="7.002"/>
  <system-out/>
  <testcase classname="runner.testRunner2" name="runScenario" time="5.310"/>
  <system-out/>
  <testcase classname="runner.testRunner2" name="runScenario" time="6.696"/>
  <system-out/>
  <testcase classname="runner.testRunner2" name="runScenario" time="0.359"/>
  <system-out/>
  <testcase classname="runner.testRunner2" name="runScenario" time="7.090"/>
  <system-out/>
  <testcase classname="runner.testRunner2" name="runScenario" time="2.632"/>
  <system-out/>
  <testcase classname="runner.testRunner2" name="runScenario" time="8.139"/>
  <system-out/>
  <testcase classname="runner.testRunner2" name="runScenario" time="5.393"/>
  <system-out/>
</testsuite> <!-- runner.testRunner2 -->
