<?xml version="1.0" encoding="UTF-8"?>
<!-- Generated by org.testng.reporters.JUnitReportReporter -->
<testsuite hostname="RamuKaka" failures="0" tests="69" name="runner.testRunner" time="400.128" errors="0" timestamp="2023-05-15T20:27:33 CDT" skipped="0">
  <testcase classname="runner.testRunner" name="runScenario" time="9.181"/>
  <system-out/>
  <testcase classname="runner.testRunner" name="runScenario" time="0.517"/>
  <system-out/>
  <testcase classname="runner.testRunner" name="runScenario" time="1.882"/>
  <system-out/>
  <testcase classname="runner.testRunner" name="runScenario" time="5.502"/>
  <system-out/>
  <testcase classname="runner.testRunner" name="runScenario" time="7.117"/>
  <system-out/>
  <testcase classname="runner.testRunner" name="runScenario" time="8.538"/>
  <system-out/>
  <testcase classname="runner.testRunner" name="runScenario" time="5.476"/>
  <system-out/>
  <testcase classname="runner.testRunner" name="runScenario" time="9.079"/>
  <system-out/>
  <testcase classname="runner.testRunner" name="runScenario" time="5.062"/>
  <system-out/>
  <testcase classname="runner.testRunner" name="runScenario" time="3.272"/>
  <system-out/>
  <testcase classname="runner.testRunner" name="runScenario" time="0.416"/>
  <system-out/>
  <testcase classname="runner.testRunner" name="runScenario" time="6.936"/>
  <system-out/>
  <testcase classname="runner.testRunner" name="runScenario" time="7.115"/>
  <system-out/>
  <testcase classname="runner.testRunner" name="runScenario" time="4.999"/>
  <system-out/>
  <testcase classname="runner.testRunner" name="runScenario" time="4.158"/>
  <system-out/>
  <testcase classname="runner.testRunner" name="runScenario" time="0.622"/>
  <system-out/>
  <testcase classname="runner.testRunner" name="runScenario" time="6.987"/>
  <system-out/>
  <testcase classname="runner.testRunner" name="runScenario" time="6.965"/>
  <system-out/>
  <testcase classname="runner.testRunner" name="runScenario" time="7.079"/>
  <system-out/>
  <testcase classname="runner.testRunner" name="runScenario" time="7.135"/>
  <system-out/>
  <testcase classname="runner.testRunner" name="runScenario" time="8.253"/>
  <system-out/>
  <testcase classname="runner.testRunner" name="runScenario" time="5.511"/>
  <system-out/>
  <testcase classname="runner.testRunner" name="runScenario" time="4.488"/>
  <system-out/>
  <testcase classname="runner.testRunner" name="runScenario" time="4.740"/>
  <system-out/>
  <testcase classname="runner.testRunner" name="runScenario" time="7.112"/>
  <system-out/>
  <testcase classname="runner.testRunner" name="runScenario" time="6.902"/>
  <system-out/>
  <testcase classname="runner.testRunner" name="runScenario" time="7.233"/>
  <system-out/>
  <testcase classname="runner.testRunner" name="runScenario" time="3.223"/>
  <system-out/>
  <testcase classname="runner.testRunner" name="runScenario" time="8.377"/>
  <system-out/>
  <testcase classname="runner.testRunner" name="runScenario" time="6.939"/>
  <system-out/>
  <testcase classname="runner.testRunner" name="runScenario" time="0.376"/>
  <system-out/>
  <testcase classname="runner.testRunner" name="runScenario" time="7.130"/>
  <system-out/>
  <testcase classname="runner.testRunner" name="runScenario" time="7.060"/>
  <system-out/>
  <testcase classname="runner.testRunner" name="runScenario" time="8.340"/>
  <system-out/>
  <testcase classname="runner.testRunner" name="runScenario" time="6.909"/>
  <system-out/>
  <testcase classname="runner.testRunner" name="runScenario" time="0.456"/>
  <system-out/>
  <testcase classname="runner.testRunner" name="runScenario" time="5.031"/>
  <system-out/>
  <testcase classname="runner.testRunner" name="runScenario" time="3.861"/>
  <system-out/>
  <testcase classname="runner.testRunner" name="runScenario" time="9.109"/>
  <system-out/>
  <testcase classname="runner.testRunner" name="runScenario" time="2.536"/>
  <system-out/>
  <testcase classname="runner.testRunner" name="runScenario" time="0.321"/>
  <system-out/>
  <testcase classname="runner.testRunner" name="runScenario" time="7.294"/>
  <system-out/>
  <testcase classname="runner.testRunner" name="runScenario" time="1.999"/>
  <system-out/>
  <testcase classname="runner.testRunner" name="runScenario" time="2.535"/>
  <system-out/>
  <testcase classname="runner.testRunner" name="runScenario" time="7.110"/>
  <system-out/>
  <testcase classname="runner.testRunner" name="runScenario" time="9.206"/>
  <system-out/>
  <testcase classname="runner.testRunner" name="runScenario" time="11.209"/>
  <system-out/>
  <testcase classname="runner.testRunner" name="runScenario" time="9.178"/>
  <system-out/>
  <testcase classname="runner.testRunner" name="runScenario" time="5.516"/>
  <system-out/>
  <testcase classname="runner.testRunner" name="runScenario" time="7.000"/>
  <system-out/>
  <testcase classname="runner.testRunner" name="runScenario" time="2.067"/>
  <system-out/>
  <testcase classname="runner.testRunner" name="runScenario" time="3.299"/>
  <system-out/>
  <testcase classname="runner.testRunner" name="runScenario" time="7.198"/>
  <system-out/>
  <testcase classname="runner.testRunner" name="runScenario" time="3.745"/>
  <system-out/>
  <testcase classname="runner.testRunner" name="runScenario" time="3.653"/>
  <system-out/>
  <testcase classname="runner.testRunner" name="runScenario" time="4.973"/>
  <system-out/>
  <testcase classname="runner.testRunner" name="runScenario" time="2.672"/>
  <system-out/>
  <testcase classname="runner.testRunner" name="runScenario" time="9.242"/>
  <system-out/>
  <testcase classname="runner.testRunner" name="runScenario" time="8.506"/>
  <system-out/>
  <testcase classname="runner.testRunner" name="runScenario" time="6.998"/>
  <system-out/>
  <testcase classname="runner.testRunner" name="runScenario" time="7.282"/>
  <system-out/>
  <testcase classname="runner.testRunner" name="runScenario" time="11.123"/>
  <system-out/>
  <testcase classname="runner.testRunner" name="runScenario" time="8.437"/>
  <system-out/>
  <testcase classname="runner.testRunner" name="runScenario" time="8.297"/>
  <system-out/>
  <testcase classname="runner.testRunner" name="runScenario" time="7.922"/>
  <system-out/>
  <testcase classname="runner.testRunner" name="runScenario" time="0.469"/>
  <system-out/>
  <testcase classname="runner.testRunner" name="runScenario" time="4.731"/>
  <system-out/>
  <testcase classname="runner.testRunner" name="runScenario" time="7.276"/>
  <system-out/>
  <testcase classname="runner.testRunner" name="runScenario" time="9.246"/>
  <system-out/>
</testsuite> <!-- runner.testRunner -->
